<!DOCTYPE html>
<html lang="ar" dir="rtl">
<head>
  <meta charset="UTF-8" />
  <meta name="viewport" content="width=device-width, initial-scale=1.0" />
  <title>Folder Card UI</title>
  <style>
    body {
      margin: 0;
      background: #fbe9db;
      display: flex;
      justify-content: center;
      align-items: center;
      height: 100vh;
      font-family: sans-serif;
      direction: rtl;
    }

    .container {
      position: relative;
    }

    .card {
      position: relative;
      width: 200px;
      height: 240px;
      background: linear-gradient(
        90deg,
        rgba(0, 0, 0, 0.1),
        rgba(0, 0, 0, 0.05),
        rgba(0, 0, 0, 0.1),
        rgba(0, 0, 0, 0.05),
        rgba(0, 0, 0, 0.1)
      );
      backdrop-filter: blur(10px);
      overflow: hidden;
      clip-path: polygon(
        0 0, 50px 0, 60px 20px, 100% 20px, 100% 100%, 0% 100%
      );
    }

    .card-title {
      position: absolute;
      bottom: 10px;
      right: 10px;
      font-size: 16px;
      font-weight: bold;
      color: #fff;
      text-shadow: 0 1px 3px rgba(0,0,0,0.4);
    }

    .card-badge {
      position: absolute;
      top: 0;
      right: 50px;
      background-color: #ff6b6b;
      color: white;
      padding: 2px 10px;
      border-radius: 8px 8px 0 0;
      font-size: 12px;
      font-weight: bold;
      height: 20px;
      line-height: 20px;
      transform: translateY(-100%);
      box-shadow: 0 2px 4px rgba(0,0,0,0.2);
    }
  </style>
</head>
<body>
  <div class="container">
    <div class="card">
      <div class="card-badge">هام</div>
      <div class="card-title">اسم المجلد</div>
    </div>
  </div>
</body>
</html>
